默认-上海-华东-电信-中国-亚洲:
    vdnd-mtn-mtna2ee0e19a1f3509795a
    vdnd-mtn-mtna3fd875c4230dafdfb7
    vdnd-qnvm-09b6d5a881a6e332694a32bb4a1ebec2
    vdnd-qnvm-15cbc1eae47f40a2a5baa7123f1cdef1
    vdnd-qnvm-2d33d0bced3743669a66ff1093c41d99
    vdnd-qnvm-71b1d2469cef4c669f7149c580fb48bf
    vdnd-qnvm-7df5d9f8c402d6e958803ece08b98fdc
    vdnd-qnvm-809d0920e462eefdf8fc308b404d2f47
    vdnd-qnvm-b8a89baf45ce45939eb1505c017602d0
    vdnd-qnvm-bd9d0ac1f9aa45feac1ed482629aa251
    vdnd-qnvm-ce9b5b3e3bed38f1f3042bd303b9a1b0
    vdnd-qnvm-d351b70babb24155beb7fa76d707d043
    vdnd-qnvm-f926618e2e4e089c5176f87bc06f3c01
默认-上海-华东-移动-中国-亚洲:
    vdnd-qnvm-09cf5e75fe4f457b817150dee5c47d99
    vdnd-qnvm-18204b0b70a64ff7af45297491279374
    vdnd-qnvm-222aa19bae4a4cbd85079554dc98e7b7
    vdnd-qnvm-3c0995776205410db3859983c7bb11af
    vdnd-qnvm-76593432b3ce4f13b3d739c025a46f91
    vdnd-qnvm-7f815ab28df344d29b8a8f3f58c4ba7e
    vdnd-qnvm-89a79fd9c5a64926b75b532de970696d
    vdnd-qnvm-8a3e28065cd247d3bf08f62ebc97af62
    vdnd-qnvm-8a4751df58e44b928200ce795be121c8
    vdnd-qnvm-8a5bbb76330e4cd7a8032c585745122a
    vdnd-qnvm-9ed8d1d1c53946289d45315bf7578c09
    vdnd-qnvm-ab5f944e0dd946d9a2c8e36bfa1378d3
    vdnd-qnvm-b47617c885bd46dbaed0c94d67eeff68
    vdnd-qnvm-b58652ac81774013810bf0cfadae3ca3
    vdnd-qnvm-ce92bcb0129d47c0aa12c4249872be65
    vdnd-qnvm-e7df4da5f1ceafab8001b01d5b10eee8
    vdnd-qnvm-f6e22b39b0074bce884adcee7d772d6c
默认-上海-华东-联通-中国-亚洲:
    vdnd-qnvm-04121a56245741fcb9ef2a702c4e0435
    vdnd-qnvm-4630d58b3fa241b2a4047bba2793c3f3
    vdnd-qnvm-56fe0977f05945a4b0cb957baf39c25c
    vdnd-qnvm-5a9c03f4f5a941679b7e61f20ddb993b
    vdnd-qnvm-a223ead359024c10b50bc7145897f835
    vdnd-qnvm-cc7fbfcf4ef342408e8f09475ff839af
默认-云南-西南-电信-中国-亚洲:
    vdnd-qnvm-0e5de880d3b5fb50b7ebbde7affb9c74
    vdnd-qnvm-7cbddce47b5307f6ca50f53f45ab0b3b
    vdnd-qnvm-8277e7b464b45c9d7b84487f3385fe2b
    vdnd-qnvm-d6d01df38a5451744211e343f80efd22
默认-云南-西南-移动-中国-亚洲:
    vdnd-mtn-mtna4242b44027d17a20eb
    vdnd-mtn-mtnaa0e0dc94b2d2109c85
    vdnd-qnvm-0bc24a9511a840ed993c15e4d3ac5111
    vdnd-qnvm-5bf8fdacd922129cecbbea0d933e328a
    vdnd-qnvm-7921c5e59d168d06ca6a4f153f7e45ce
默认-云南-西南-联通-中国-亚洲:
    vdnd-mtn-mtna1da135e8fc42592b70
    vdnd-scedge-626859165444345856
默认-内蒙古-华北-电信-中国-亚洲:
    vdnd-mtn-mtna2ee0e19a1f3509795a
    vdnd-mtn-mtna3fd875c4230dafdfb7
    vdnd-qnvm-09b6d5a881a6e332694a32bb4a1ebec2
    vdnd-qnvm-15cbc1eae47f40a2a5baa7123f1cdef1
    vdnd-qnvm-2d33d0bced3743669a66ff1093c41d99
    vdnd-qnvm-71b1d2469cef4c669f7149c580fb48bf
    vdnd-qnvm-7df5d9f8c402d6e958803ece08b98fdc
    vdnd-qnvm-809d0920e462eefdf8fc308b404d2f47
    vdnd-qnvm-b8a89baf45ce45939eb1505c017602d0
    vdnd-qnvm-bd9d0ac1f9aa45feac1ed482629aa251
    vdnd-qnvm-ce9b5b3e3bed38f1f3042bd303b9a1b0
    vdnd-qnvm-d351b70babb24155beb7fa76d707d043
    vdnd-qnvm-f926618e2e4e089c5176f87bc06f3c01
默认-内蒙古-华北-移动-中国-亚洲:
    vdnd-qnvm-7db6a15c5c8518d016fb09ff93e2a76d
    vdnd-qnvm-e1b2e47a499cc27d94a904508fb56589
默认-内蒙古-华北-联通-中国-亚洲:
    vdnd-qnvm-7b34fe3d1c4339b7b4199c78fbb05904
    vdnd-qnvm-858612ffe8351c315c6f453bbf1b24fc
默认-北京-华北-电信-中国-亚洲:
    vdnd-qnvm-1f243abbeeae862405c16632dae82bef
    vdnd-qnvm-42e94649dccb439b4ca012163d4e7bd5
    vdnd-qnvm-bbf500dbe297fcdfc45c1d9b63cd33e5
默认-北京-华北-移动-中国-亚洲:
    vdnd-qnvm-bdfab4b35fb13412dd3cb8c6c8a0343c
默认-北京-华北-联通-中国-亚洲:
    vdnd-mtn-mtna601166cf9247193f93
    vdnd-mtn-mtna7e415c86b675d82476
    vdnd-mtn-mtnac5157ee4738911e2ea
    vdnd-qnvm-4f9473ebfcdc6d08ea64892166f967eb
    vdnd-qnvm-5ee53a382eec23d2910d7ba0425fcea0
    vdnd-qnvm-fffb7e8c35c47c22b6b3f4c674f74409
默认-吉林-东北-电信-中国-亚洲:
    vdnd-qnvm-0d4a771afa270dfb3c0914668cba49d2
    vdnd-qnvm-2e2b97633e9f04eabd887d3e9e6ffa55
默认-吉林-东北-移动-中国-亚洲:
    vdnd-qnvm-7db6a15c5c8518d016fb09ff93e2a76d
    vdnd-qnvm-e1b2e47a499cc27d94a904508fb56589
默认-吉林-东北-联通-中国-亚洲:
    vdnd-mtn-mtna2fd985299b94710b0c
    vdnd-mtn-mtnad9df91b595fb74b192
默认-四川-西南-电信-中国-亚洲:
    vdnd-qnvm-0e5de880d3b5fb50b7ebbde7affb9c74
    vdnd-qnvm-7cbddce47b5307f6ca50f53f45ab0b3b
    vdnd-qnvm-8277e7b464b45c9d7b84487f3385fe2b
    vdnd-qnvm-d6d01df38a5451744211e343f80efd22
默认-四川-西南-移动-中国-亚洲:
    vdnd-mtn-mtna4242b44027d17a20eb
    vdnd-mtn-mtnaa0e0dc94b2d2109c85
    vdnd-qnvm-0bc24a9511a840ed993c15e4d3ac5111
    vdnd-qnvm-5bf8fdacd922129cecbbea0d933e328a
    vdnd-qnvm-7921c5e59d168d06ca6a4f153f7e45ce
默认-四川-西南-联通-中国-亚洲:
    vdnd-mtn-mtna43ce33fa632eee9959
    vdnd-qnvm-a7fbed758893976fd63fdd95cdbdf13b
默认-天津-华北-电信-中国-亚洲:
    vdnd-qnvm-1f243abbeeae862405c16632dae82bef
    vdnd-qnvm-42e94649dccb439b4ca012163d4e7bd5
    vdnd-qnvm-bbf500dbe297fcdfc45c1d9b63cd33e5
默认-天津-华北-移动-中国-亚洲:
    vdnd-qnvm-09cf5e75fe4f457b817150dee5c47d99
    vdnd-qnvm-18204b0b70a64ff7af45297491279374
    vdnd-qnvm-222aa19bae4a4cbd85079554dc98e7b7
    vdnd-qnvm-3c0995776205410db3859983c7bb11af
    vdnd-qnvm-76593432b3ce4f13b3d739c025a46f91
    vdnd-qnvm-7f815ab28df344d29b8a8f3f58c4ba7e
    vdnd-qnvm-89a79fd9c5a64926b75b532de970696d
    vdnd-qnvm-8a3e28065cd247d3bf08f62ebc97af62
    vdnd-qnvm-8a4751df58e44b928200ce795be121c8
    vdnd-qnvm-8a5bbb76330e4cd7a8032c585745122a
    vdnd-qnvm-9ed8d1d1c53946289d45315bf7578c09
    vdnd-qnvm-ab5f944e0dd946d9a2c8e36bfa1378d3
    vdnd-qnvm-b47617c885bd46dbaed0c94d67eeff68
    vdnd-qnvm-b58652ac81774013810bf0cfadae3ca3
    vdnd-qnvm-ce92bcb0129d47c0aa12c4249872be65
    vdnd-qnvm-e7df4da5f1ceafab8001b01d5b10eee8
    vdnd-qnvm-f6e22b39b0074bce884adcee7d772d6c
默认-天津-华北-联通-中国-亚洲:
    vdnd-mtn-mtna601166cf9247193f93
    vdnd-mtn-mtna7e415c86b675d82476
    vdnd-mtn-mtnac5157ee4738911e2ea
    vdnd-qnvm-4f9473ebfcdc6d08ea64892166f967eb
    vdnd-qnvm-5ee53a382eec23d2910d7ba0425fcea0
    vdnd-qnvm-fffb7e8c35c47c22b6b3f4c674f74409
默认-宁夏-西北-电信-中国-亚洲:
    vdnd-qnvm-e194d3e641e646ba0728eb7eb2aa1185
默认-宁夏-西北-移动-中国-亚洲:
    vdnd-qnvm-05b1736061244fe1ac6f04cd806d2a49
    vdnd-qnvm-d1da9a8732194e18a46c91d76355d1f2
默认-宁夏-西北-联通-中国-亚洲:
    vdnd-mtn-mtna267fed6f561e829e5a
    vdnd-mtn-mtna45fb45337379a92afb
    vdnd-qnvm-1b46adb65fc5394be3895bf2e96650c6
    vdnd-qnvm-988b7dcd3b339956f1b6bc2f94a38d77
    vdnd-qnvm-ce42580b402acb37f099a9fd662edd54
默认-安徽-华东-电信-中国-亚洲:
    vdnd-mtn-mtna2ee0e19a1f3509795a
    vdnd-mtn-mtna3fd875c4230dafdfb7
    vdnd-qnvm-09b6d5a881a6e332694a32bb4a1ebec2
    vdnd-qnvm-15cbc1eae47f40a2a5baa7123f1cdef1
    vdnd-qnvm-2d33d0bced3743669a66ff1093c41d99
    vdnd-qnvm-71b1d2469cef4c669f7149c580fb48bf
    vdnd-qnvm-7df5d9f8c402d6e958803ece08b98fdc
    vdnd-qnvm-809d0920e462eefdf8fc308b404d2f47
    vdnd-qnvm-b8a89baf45ce45939eb1505c017602d0
    vdnd-qnvm-bd9d0ac1f9aa45feac1ed482629aa251
    vdnd-qnvm-ce9b5b3e3bed38f1f3042bd303b9a1b0
    vdnd-qnvm-d351b70babb24155beb7fa76d707d043
    vdnd-qnvm-f926618e2e4e089c5176f87bc06f3c01
默认-安徽-华东-移动-中国-亚洲:
    vdnd-qnvm-0efdf8dcd251497a901cae4b3799801d
    vdnd-qnvm-2f4f24af686d44cf8d455703c24253a8
    vdnd-qnvm-5a94411091f5f55a91774a102a6f69cb
    vdnd-qnvm-6b39c13107dfb83d15d3e2091825cf85
    vdnd-qnvm-6c033cd725717b2fac783fd767633699
    vdnd-qnvm-70df96d4e51fa9625b561390ef2d5ee3
    vdnd-qnvm-8f609a3b89642a8b870318d822180110
    vdnd-qnvm-a3d7355df9c0d36606bf0b2e4cdfd094
    vdnd-qnvm-bc4b72b62d49b92ff680f0e30bc4da02
    vdnd-qnvm-e0df03431e51a434c995a36a92156436
默认-安徽-华东-联通-中国-亚洲:
    vdnd-qnvm-04121a56245741fcb9ef2a702c4e0435
    vdnd-qnvm-4630d58b3fa241b2a4047bba2793c3f3
    vdnd-qnvm-56fe0977f05945a4b0cb957baf39c25c
    vdnd-qnvm-5a9c03f4f5a941679b7e61f20ddb993b
    vdnd-qnvm-a223ead359024c10b50bc7145897f835
    vdnd-qnvm-cc7fbfcf4ef342408e8f09475ff839af
默认-山东-华东-电信-中国-亚洲:
    vdnd-mtn-mtna2ee0e19a1f3509795a
    vdnd-mtn-mtna3fd875c4230dafdfb7
    vdnd-qnvm-09b6d5a881a6e332694a32bb4a1ebec2
    vdnd-qnvm-15cbc1eae47f40a2a5baa7123f1cdef1
    vdnd-qnvm-2d33d0bced3743669a66ff1093c41d99
    vdnd-qnvm-71b1d2469cef4c669f7149c580fb48bf
    vdnd-qnvm-7df5d9f8c402d6e958803ece08b98fdc
    vdnd-qnvm-809d0920e462eefdf8fc308b404d2f47
    vdnd-qnvm-b8a89baf45ce45939eb1505c017602d0
    vdnd-qnvm-bd9d0ac1f9aa45feac1ed482629aa251
    vdnd-qnvm-ce9b5b3e3bed38f1f3042bd303b9a1b0
    vdnd-qnvm-d351b70babb24155beb7fa76d707d043
    vdnd-qnvm-f926618e2e4e089c5176f87bc06f3c01
默认-山东-华东-移动-中国-亚洲:
    vdnd-qnvm-09cf5e75fe4f457b817150dee5c47d99
    vdnd-qnvm-18204b0b70a64ff7af45297491279374
    vdnd-qnvm-222aa19bae4a4cbd85079554dc98e7b7
    vdnd-qnvm-3c0995776205410db3859983c7bb11af
    vdnd-qnvm-76593432b3ce4f13b3d739c025a46f91
    vdnd-qnvm-7f815ab28df344d29b8a8f3f58c4ba7e
    vdnd-qnvm-89a79fd9c5a64926b75b532de970696d
    vdnd-qnvm-8a3e28065cd247d3bf08f62ebc97af62
    vdnd-qnvm-8a4751df58e44b928200ce795be121c8
    vdnd-qnvm-8a5bbb76330e4cd7a8032c585745122a
    vdnd-qnvm-9ed8d1d1c53946289d45315bf7578c09
    vdnd-qnvm-ab5f944e0dd946d9a2c8e36bfa1378d3
    vdnd-qnvm-b47617c885bd46dbaed0c94d67eeff68
    vdnd-qnvm-b58652ac81774013810bf0cfadae3ca3
    vdnd-qnvm-ce92bcb0129d47c0aa12c4249872be65
    vdnd-qnvm-e7df4da5f1ceafab8001b01d5b10eee8
    vdnd-qnvm-f6e22b39b0074bce884adcee7d772d6c
默认-山东-华东-联通-中国-亚洲:
    vdnd-qnvm-04121a56245741fcb9ef2a702c4e0435
    vdnd-qnvm-4630d58b3fa241b2a4047bba2793c3f3
    vdnd-qnvm-56fe0977f05945a4b0cb957baf39c25c
    vdnd-qnvm-5a9c03f4f5a941679b7e61f20ddb993b
    vdnd-qnvm-a223ead359024c10b50bc7145897f835
    vdnd-qnvm-cc7fbfcf4ef342408e8f09475ff839af
默认-山西-华北-电信-中国-亚洲:
    vdnd-qnvm-1f243abbeeae862405c16632dae82bef
    vdnd-qnvm-42e94649dccb439b4ca012163d4e7bd5
    vdnd-qnvm-bbf500dbe297fcdfc45c1d9b63cd33e5
默认-山西-华北-移动-中国-亚洲:
    vdnd-qnvm-163829c368372356b0444bc619e40d8b
    vdnd-qnvm-7bf996e262f8b2204aec03005fb322ca
    vdnd-qnvm-fc0b759ab1f16e863c19b9673a166c79
默认-山西-华北-联通-中国-亚洲:
    vdnd-qnvm-75cd46f23162f4506d21fc2520f38ee8
默认-广东-华南-电信-中国-亚洲:
    vdnd-mtn-mtna2ee0e19a1f3509795a
    vdnd-mtn-mtna3fd875c4230dafdfb7
    vdnd-qnvm-09b6d5a881a6e332694a32bb4a1ebec2
    vdnd-qnvm-15cbc1eae47f40a2a5baa7123f1cdef1
    vdnd-qnvm-2d33d0bced3743669a66ff1093c41d99
    vdnd-qnvm-71b1d2469cef4c669f7149c580fb48bf
    vdnd-qnvm-7df5d9f8c402d6e958803ece08b98fdc
    vdnd-qnvm-809d0920e462eefdf8fc308b404d2f47
    vdnd-qnvm-b8a89baf45ce45939eb1505c017602d0
    vdnd-qnvm-bd9d0ac1f9aa45feac1ed482629aa251
    vdnd-qnvm-ce9b5b3e3bed38f1f3042bd303b9a1b0
    vdnd-qnvm-d351b70babb24155beb7fa76d707d043
    vdnd-qnvm-f926618e2e4e089c5176f87bc06f3c01
默认-广东-华南-移动-中国-亚洲:
    vdnd-mtn-mtnab4a748d3e60e103c61
    vdnd-qnvm-4e5bec4ab8622a9cbe25c46c67f74c8a
    vdnd-qnvm-5be6750d8d303a6ec13ae5d18c09e066
    vdnd-qnvm-981d2b033717ed93ab8442086baea8b2
    vdnd-qnvm-a8be10475192e459afee4742eb648a89
    vdnd-qnvm-e29b667c054f0e60ddc7ac1a077d9bff
    vdnd-scedge-691300756669730816
默认-广东-华南-联通-中国-亚洲:
    vdnd-mtn-mtna1da135e8fc42592b70
    vdnd-scedge-626859165444345856
默认-广西-华南-电信-中国-亚洲:
    vdnd-qnvm-3731522d45e34d4381112005b530c9a3
    vdnd-qnvm-415b015a8cb34d49b81285bf10f103ff
    vdnd-qnvm-9371593218d04f9886b2f6a50d36d01f
    vdnd-qnvm-9589ac46fcb54dd0b150b644a308c741
    vdnd-qnvm-e651e10b055e405bb920c8cea6a0a48e
默认-广西-华南-移动-中国-亚洲:
    vdnd-mtn-mtnab4a748d3e60e103c61
    vdnd-qnvm-4e5bec4ab8622a9cbe25c46c67f74c8a
    vdnd-qnvm-5be6750d8d303a6ec13ae5d18c09e066
    vdnd-qnvm-981d2b033717ed93ab8442086baea8b2
    vdnd-qnvm-a8be10475192e459afee4742eb648a89
    vdnd-qnvm-e29b667c054f0e60ddc7ac1a077d9bff
    vdnd-scedge-691300756669730816
默认-广西-华南-联通-中国-亚洲:
    vdnd-mtn-mtna1da135e8fc42592b70
    vdnd-scedge-626859165444345856
默认-新疆-西北-电信-中国-亚洲:
    vdnd-qnvm-550833dd9d966da1c834fade4f8c2fb3
    vdnd-qnvm-fd91c294d21dbcc6732cd18cea39e318
默认-新疆-西北-移动-中国-亚洲:
    vdnd-qnvm-05b1736061244fe1ac6f04cd806d2a49
    vdnd-qnvm-d1da9a8732194e18a46c91d76355d1f2
默认-新疆-西北-联通-中国-亚洲:
    vdnd-mtn-mtna267fed6f561e829e5a
    vdnd-mtn-mtna45fb45337379a92afb
    vdnd-qnvm-1b46adb65fc5394be3895bf2e96650c6
    vdnd-qnvm-988b7dcd3b339956f1b6bc2f94a38d77
    vdnd-qnvm-ce42580b402acb37f099a9fd662edd54
默认-江苏-华东-电信-中国-亚洲:
    vdnd-mtn-mtna2ee0e19a1f3509795a
    vdnd-mtn-mtna3fd875c4230dafdfb7
    vdnd-qnvm-09b6d5a881a6e332694a32bb4a1ebec2
    vdnd-qnvm-15cbc1eae47f40a2a5baa7123f1cdef1
    vdnd-qnvm-2d33d0bced3743669a66ff1093c41d99
    vdnd-qnvm-71b1d2469cef4c669f7149c580fb48bf
    vdnd-qnvm-7df5d9f8c402d6e958803ece08b98fdc
    vdnd-qnvm-809d0920e462eefdf8fc308b404d2f47
    vdnd-qnvm-b8a89baf45ce45939eb1505c017602d0
    vdnd-qnvm-bd9d0ac1f9aa45feac1ed482629aa251
    vdnd-qnvm-ce9b5b3e3bed38f1f3042bd303b9a1b0
    vdnd-qnvm-d351b70babb24155beb7fa76d707d043
    vdnd-qnvm-f926618e2e4e089c5176f87bc06f3c01
默认-江苏-华东-移动-中国-亚洲:
    vdnd-qnvm-09cf5e75fe4f457b817150dee5c47d99
    vdnd-qnvm-18204b0b70a64ff7af45297491279374
    vdnd-qnvm-222aa19bae4a4cbd85079554dc98e7b7
    vdnd-qnvm-3c0995776205410db3859983c7bb11af
    vdnd-qnvm-76593432b3ce4f13b3d739c025a46f91
    vdnd-qnvm-7f815ab28df344d29b8a8f3f58c4ba7e
    vdnd-qnvm-89a79fd9c5a64926b75b532de970696d
    vdnd-qnvm-8a3e28065cd247d3bf08f62ebc97af62
    vdnd-qnvm-8a4751df58e44b928200ce795be121c8
    vdnd-qnvm-8a5bbb76330e4cd7a8032c585745122a
    vdnd-qnvm-9ed8d1d1c53946289d45315bf7578c09
    vdnd-qnvm-ab5f944e0dd946d9a2c8e36bfa1378d3
    vdnd-qnvm-b47617c885bd46dbaed0c94d67eeff68
    vdnd-qnvm-b58652ac81774013810bf0cfadae3ca3
    vdnd-qnvm-ce92bcb0129d47c0aa12c4249872be65
    vdnd-qnvm-e7df4da5f1ceafab8001b01d5b10eee8
    vdnd-qnvm-f6e22b39b0074bce884adcee7d772d6c
默认-江苏-华东-联通-中国-亚洲:
    vdnd-qnvm-04121a56245741fcb9ef2a702c4e0435
    vdnd-qnvm-4630d58b3fa241b2a4047bba2793c3f3
    vdnd-qnvm-56fe0977f05945a4b0cb957baf39c25c
    vdnd-qnvm-5a9c03f4f5a941679b7e61f20ddb993b
    vdnd-qnvm-a223ead359024c10b50bc7145897f835
    vdnd-qnvm-cc7fbfcf4ef342408e8f09475ff839af
默认-江西-华东-电信-中国-亚洲:
    vdnd-mtn-mtna2ee0e19a1f3509795a
    vdnd-mtn-mtna3fd875c4230dafdfb7
    vdnd-qnvm-09b6d5a881a6e332694a32bb4a1ebec2
    vdnd-qnvm-15cbc1eae47f40a2a5baa7123f1cdef1
    vdnd-qnvm-2d33d0bced3743669a66ff1093c41d99
    vdnd-qnvm-71b1d2469cef4c669f7149c580fb48bf
    vdnd-qnvm-7df5d9f8c402d6e958803ece08b98fdc
    vdnd-qnvm-809d0920e462eefdf8fc308b404d2f47
    vdnd-qnvm-b8a89baf45ce45939eb1505c017602d0
    vdnd-qnvm-bd9d0ac1f9aa45feac1ed482629aa251
    vdnd-qnvm-ce9b5b3e3bed38f1f3042bd303b9a1b0
    vdnd-qnvm-d351b70babb24155beb7fa76d707d043
    vdnd-qnvm-f926618e2e4e089c5176f87bc06f3c01
默认-江西-华东-移动-中国-亚洲:
    vdnd-qnvm-6c19a53e6f7b5aa5307a32581a75f1a8
    vdnd-qnvm-79a32c5f3955db977d82cc64134ff147
默认-江西-华东-联通-中国-亚洲:
    vdnd-qnvm-04121a56245741fcb9ef2a702c4e0435
    vdnd-qnvm-4630d58b3fa241b2a4047bba2793c3f3
    vdnd-qnvm-56fe0977f05945a4b0cb957baf39c25c
    vdnd-qnvm-5a9c03f4f5a941679b7e61f20ddb993b
    vdnd-qnvm-a223ead359024c10b50bc7145897f835
    vdnd-qnvm-cc7fbfcf4ef342408e8f09475ff839af
默认-河北-华北-电信-中国-亚洲:
    vdnd-qnvm-1f243abbeeae862405c16632dae82bef
    vdnd-qnvm-42e94649dccb439b4ca012163d4e7bd5
    vdnd-qnvm-bbf500dbe297fcdfc45c1d9b63cd33e5
默认-河北-华北-移动-中国-亚洲:
    vdnd-qnvm-7db6a15c5c8518d016fb09ff93e2a76d
    vdnd-qnvm-e1b2e47a499cc27d94a904508fb56589
默认-河北-华北-联通-中国-亚洲:
    vdnd-mtn-mtna601166cf9247193f93
    vdnd-mtn-mtna7e415c86b675d82476
    vdnd-mtn-mtnac5157ee4738911e2ea
    vdnd-qnvm-4f9473ebfcdc6d08ea64892166f967eb
    vdnd-qnvm-5ee53a382eec23d2910d7ba0425fcea0
    vdnd-qnvm-fffb7e8c35c47c22b6b3f4c674f74409
默认-河南-华中-电信-中国-亚洲:
    vdnd-qnvm-2dfa54b64c874a48a87eab33137a2283
    vdnd-qnvm-965db83fc55a49c1a90fbf7db7a08613
默认-河南-华中-移动-中国-亚洲:
    vdnd-qnvm-0efdf8dcd251497a901cae4b3799801d
    vdnd-qnvm-2f4f24af686d44cf8d455703c24253a8
    vdnd-qnvm-5a94411091f5f55a91774a102a6f69cb
    vdnd-qnvm-6b39c13107dfb83d15d3e2091825cf85
    vdnd-qnvm-6c033cd725717b2fac783fd767633699
    vdnd-qnvm-70df96d4e51fa9625b561390ef2d5ee3
    vdnd-qnvm-8f609a3b89642a8b870318d822180110
    vdnd-qnvm-a3d7355df9c0d36606bf0b2e4cdfd094
    vdnd-qnvm-bc4b72b62d49b92ff680f0e30bc4da02
    vdnd-qnvm-e0df03431e51a434c995a36a92156436
默认-河南-华中-联通-中国-亚洲:
    vdnd-mtn-mtna267fed6f561e829e5a
    vdnd-mtn-mtna45fb45337379a92afb
    vdnd-qnvm-1b46adb65fc5394be3895bf2e96650c6
    vdnd-qnvm-988b7dcd3b339956f1b6bc2f94a38d77
    vdnd-qnvm-edeefad9decb9e4c414b957663a2bc14
默认-浙江-华东-电信-中国-亚洲:
    vdnd-mtn-mtna2ee0e19a1f3509795a
    vdnd-mtn-mtna3fd875c4230dafdfb7
    vdnd-qnvm-09b6d5a881a6e332694a32bb4a1ebec2
    vdnd-qnvm-15cbc1eae47f40a2a5baa7123f1cdef1
    vdnd-qnvm-2d33d0bced3743669a66ff1093c41d99
    vdnd-qnvm-71b1d2469cef4c669f7149c580fb48bf
    vdnd-qnvm-7df5d9f8c402d6e958803ece08b98fdc
    vdnd-qnvm-809d0920e462eefdf8fc308b404d2f47
    vdnd-qnvm-b8a89baf45ce45939eb1505c017602d0
    vdnd-qnvm-bd9d0ac1f9aa45feac1ed482629aa251
    vdnd-qnvm-ce9b5b3e3bed38f1f3042bd303b9a1b0
    vdnd-qnvm-d351b70babb24155beb7fa76d707d043
    vdnd-qnvm-f926618e2e4e089c5176f87bc06f3c01
默认-浙江-华东-移动-中国-亚洲:
    vdnd-qnvm-09cf5e75fe4f457b817150dee5c47d99
    vdnd-qnvm-18204b0b70a64ff7af45297491279374
    vdnd-qnvm-222aa19bae4a4cbd85079554dc98e7b7
    vdnd-qnvm-3c0995776205410db3859983c7bb11af
    vdnd-qnvm-76593432b3ce4f13b3d739c025a46f91
    vdnd-qnvm-7f815ab28df344d29b8a8f3f58c4ba7e
    vdnd-qnvm-89a79fd9c5a64926b75b532de970696d
    vdnd-qnvm-8a3e28065cd247d3bf08f62ebc97af62
    vdnd-qnvm-8a4751df58e44b928200ce795be121c8
    vdnd-qnvm-8a5bbb76330e4cd7a8032c585745122a
    vdnd-qnvm-9ed8d1d1c53946289d45315bf7578c09
    vdnd-qnvm-ab5f944e0dd946d9a2c8e36bfa1378d3
    vdnd-qnvm-b47617c885bd46dbaed0c94d67eeff68
    vdnd-qnvm-b58652ac81774013810bf0cfadae3ca3
    vdnd-qnvm-ce92bcb0129d47c0aa12c4249872be65
    vdnd-qnvm-e7df4da5f1ceafab8001b01d5b10eee8
    vdnd-qnvm-f6e22b39b0074bce884adcee7d772d6c
默认-浙江-华东-联通-中国-亚洲:
    vdnd-qnvm-04121a56245741fcb9ef2a702c4e0435
    vdnd-qnvm-4630d58b3fa241b2a4047bba2793c3f3
    vdnd-qnvm-56fe0977f05945a4b0cb957baf39c25c
    vdnd-qnvm-5a9c03f4f5a941679b7e61f20ddb993b
    vdnd-qnvm-a223ead359024c10b50bc7145897f835
    vdnd-qnvm-cc7fbfcf4ef342408e8f09475ff839af
默认-海南-华南-电信-中国-亚洲:
    vdnd-qnvm-3731522d45e34d4381112005b530c9a3
    vdnd-qnvm-415b015a8cb34d49b81285bf10f103ff
    vdnd-qnvm-9371593218d04f9886b2f6a50d36d01f
    vdnd-qnvm-9589ac46fcb54dd0b150b644a308c741
    vdnd-qnvm-e651e10b055e405bb920c8cea6a0a48e
默认-海南-华南-移动-中国-亚洲:
    vdnd-mtn-mtna1da135e8fc42592b70
    vdnd-scedge-626859165444345856
默认-海南-华南-联通-中国-亚洲:
    vdnd-mtn-mtna1da135e8fc42592b70
    vdnd-scedge-626859165444345856
默认-湖北-华中-电信-中国-亚洲:
    vdnd-qnvm-2dfa54b64c874a48a87eab33137a2283
    vdnd-qnvm-965db83fc55a49c1a90fbf7db7a08613
默认-湖北-华中-移动-中国-亚洲:
    vdnd-qnvm-1a0476fa76a71cf1c0aa4baeafceed65
    vdnd-qnvm-67d973cf641ebd0b63b5d5a41782910e
    vdnd-qnvm-71eb89f8953e82b5e3073cf0967d4405
默认-湖北-华中-联通-中国-亚洲:
    vdnd-qnvm-b6f6ea0a9363871ed76e6750643cd2f7
默认-湖南-华中-电信-中国-亚洲:
    vdnd-qnvm-2dfa54b64c874a48a87eab33137a2283
    vdnd-qnvm-965db83fc55a49c1a90fbf7db7a08613
默认-湖南-华中-移动-中国-亚洲:
    vdnd-qnvm-1a0476fa76a71cf1c0aa4baeafceed65
    vdnd-qnvm-67d973cf641ebd0b63b5d5a41782910e
    vdnd-qnvm-71eb89f8953e82b5e3073cf0967d4405
默认-湖南-华中-联通-中国-亚洲:
    vdnd-qnvm-ce42580b402acb37f099a9fd662edd54
默认-甘肃-西北-电信-中国-亚洲:
    vdnd-mtn-mtna2ee0e19a1f3509795a
    vdnd-mtn-mtna3fd875c4230dafdfb7
    vdnd-qnvm-09b6d5a881a6e332694a32bb4a1ebec2
    vdnd-qnvm-15cbc1eae47f40a2a5baa7123f1cdef1
    vdnd-qnvm-2d33d0bced3743669a66ff1093c41d99
    vdnd-qnvm-71b1d2469cef4c669f7149c580fb48bf
    vdnd-qnvm-7df5d9f8c402d6e958803ece08b98fdc
    vdnd-qnvm-809d0920e462eefdf8fc308b404d2f47
    vdnd-qnvm-b8a89baf45ce45939eb1505c017602d0
    vdnd-qnvm-bd9d0ac1f9aa45feac1ed482629aa251
    vdnd-qnvm-ce9b5b3e3bed38f1f3042bd303b9a1b0
    vdnd-qnvm-d351b70babb24155beb7fa76d707d043
    vdnd-qnvm-f926618e2e4e089c5176f87bc06f3c01
默认-甘肃-西北-移动-中国-亚洲:
    vdnd-qnvm-05b1736061244fe1ac6f04cd806d2a49
    vdnd-qnvm-d1da9a8732194e18a46c91d76355d1f2
默认-甘肃-西北-联通-中国-亚洲:
    vdnd-mtn-mtna267fed6f561e829e5a
    vdnd-mtn-mtna45fb45337379a92afb
    vdnd-qnvm-1b46adb65fc5394be3895bf2e96650c6
    vdnd-qnvm-988b7dcd3b339956f1b6bc2f94a38d77
    vdnd-qnvm-ce42580b402acb37f099a9fd662edd54
默认-福建-华东-电信-中国-亚洲:
    vdnd-bona-0602-0d820cce-d3de-4f11-acc5-8518df6e3852
    vdnd-bona-0602-4e00ffea-c986-4f3a-827d-70fd8cbfe115
    vdnd-bona-0602-b6ee7fc4-926b-4ef7-b42d-0cce4fc62ea6
    vdnd-bona-0919-a4478b43-4caa-40de-987e-4bfe90553878
默认-福建-华东-移动-中国-亚洲:
    vdnd-qnvm-09cf5e75fe4f457b817150dee5c47d99
    vdnd-qnvm-18204b0b70a64ff7af45297491279374
    vdnd-qnvm-222aa19bae4a4cbd85079554dc98e7b7
    vdnd-qnvm-3c0995776205410db3859983c7bb11af
    vdnd-qnvm-76593432b3ce4f13b3d739c025a46f91
    vdnd-qnvm-7f815ab28df344d29b8a8f3f58c4ba7e
    vdnd-qnvm-89a79fd9c5a64926b75b532de970696d
    vdnd-qnvm-8a3e28065cd247d3bf08f62ebc97af62
    vdnd-qnvm-8a4751df58e44b928200ce795be121c8
    vdnd-qnvm-8a5bbb76330e4cd7a8032c585745122a
    vdnd-qnvm-9ed8d1d1c53946289d45315bf7578c09
    vdnd-qnvm-ab5f944e0dd946d9a2c8e36bfa1378d3
    vdnd-qnvm-b47617c885bd46dbaed0c94d67eeff68
    vdnd-qnvm-b58652ac81774013810bf0cfadae3ca3
    vdnd-qnvm-ce92bcb0129d47c0aa12c4249872be65
    vdnd-qnvm-e7df4da5f1ceafab8001b01d5b10eee8
    vdnd-qnvm-f6e22b39b0074bce884adcee7d772d6c
默认-福建-华东-联通-中国-亚洲:
    vdnd-qnvm-04121a56245741fcb9ef2a702c4e0435
    vdnd-qnvm-4630d58b3fa241b2a4047bba2793c3f3
    vdnd-qnvm-56fe0977f05945a4b0cb957baf39c25c
    vdnd-qnvm-5a9c03f4f5a941679b7e61f20ddb993b
    vdnd-qnvm-a223ead359024c10b50bc7145897f835
    vdnd-qnvm-cc7fbfcf4ef342408e8f09475ff839af
默认-西藏-西南-电信-中国-亚洲:
    vdnd-mtn-mtna3ee229378c80bd0364
    vdnd-mtn-mtna8b895864f3c35993a0
    vdnd-qnvm-5303576e8f36306a7098879a42f31239
    vdnd-qnvm-7f2dfaf11d24642e6631d2a63ec6b168
默认-西藏-西南-移动-中国-亚洲:
    vdnd-qnvm-09cf5e75fe4f457b817150dee5c47d99
    vdnd-qnvm-18204b0b70a64ff7af45297491279374
    vdnd-qnvm-222aa19bae4a4cbd85079554dc98e7b7
    vdnd-qnvm-3c0995776205410db3859983c7bb11af
    vdnd-qnvm-76593432b3ce4f13b3d739c025a46f91
    vdnd-qnvm-7f815ab28df344d29b8a8f3f58c4ba7e
    vdnd-qnvm-89a79fd9c5a64926b75b532de970696d
    vdnd-qnvm-8a3e28065cd247d3bf08f62ebc97af62
    vdnd-qnvm-8a4751df58e44b928200ce795be121c8
    vdnd-qnvm-8a5bbb76330e4cd7a8032c585745122a
    vdnd-qnvm-9ed8d1d1c53946289d45315bf7578c09
    vdnd-qnvm-ab5f944e0dd946d9a2c8e36bfa1378d3
    vdnd-qnvm-b47617c885bd46dbaed0c94d67eeff68
    vdnd-qnvm-b58652ac81774013810bf0cfadae3ca3
    vdnd-qnvm-ce92bcb0129d47c0aa12c4249872be65
    vdnd-qnvm-e7df4da5f1ceafab8001b01d5b10eee8
    vdnd-qnvm-f6e22b39b0074bce884adcee7d772d6c
默认-西藏-西南-联通-中国-亚洲:
    vdnd-mtn-mtna1da135e8fc42592b70
    vdnd-scedge-626859165444345856
默认-贵州-西南-电信-中国-亚洲:
    vdnd-qnvm-0e5de880d3b5fb50b7ebbde7affb9c74
    vdnd-qnvm-7cbddce47b5307f6ca50f53f45ab0b3b
    vdnd-qnvm-8277e7b464b45c9d7b84487f3385fe2b
    vdnd-qnvm-d6d01df38a5451744211e343f80efd22
默认-贵州-西南-移动-中国-亚洲:
    vdnd-mtn-mtnab4a748d3e60e103c61
    vdnd-qnvm-4e5bec4ab8622a9cbe25c46c67f74c8a
    vdnd-qnvm-5be6750d8d303a6ec13ae5d18c09e066
    vdnd-qnvm-981d2b033717ed93ab8442086baea8b2
    vdnd-qnvm-a8be10475192e459afee4742eb648a89
    vdnd-qnvm-e29b667c054f0e60ddc7ac1a077d9bff
    vdnd-scedge-691300756669730816
默认-贵州-西南-联通-中国-亚洲:
    vdnd-mtn-mtna1da135e8fc42592b70
    vdnd-scedge-626859165444345856
默认-辽宁-东北-电信-中国-亚洲:
    vdnd-qnvm-0d4a771afa270dfb3c0914668cba49d2
    vdnd-qnvm-2e2b97633e9f04eabd887d3e9e6ffa55
默认-辽宁-东北-移动-中国-亚洲:
    vdnd-qnvm-7db6a15c5c8518d016fb09ff93e2a76d
    vdnd-qnvm-e1b2e47a499cc27d94a904508fb56589
默认-辽宁-东北-联通-中国-亚洲:
    vdnd-qnvm-72212ae4423625217a5c535e0260b330
    vdnd-qnvm-b3308fc57d131ea9ef842b7ebd3bbd53
    vdnd-qnvm-c2f91676232324ad0dec73201220c2a3
默认-重庆-西南-电信-中国-亚洲:
    vdnd-mtn-mtna3ee229378c80bd0364
    vdnd-mtn-mtna8b895864f3c35993a0
    vdnd-qnvm-5303576e8f36306a7098879a42f31239
    vdnd-qnvm-7f2dfaf11d24642e6631d2a63ec6b168
默认-重庆-西南-移动-中国-亚洲:
    vdnd-mtn-mtna4242b44027d17a20eb
    vdnd-mtn-mtnaa0e0dc94b2d2109c85
    vdnd-qnvm-0bc24a9511a840ed993c15e4d3ac5111
    vdnd-qnvm-5bf8fdacd922129cecbbea0d933e328a
    vdnd-qnvm-7921c5e59d168d06ca6a4f153f7e45ce
默认-重庆-西南-联通-中国-亚洲:
    vdnd-mtn-mtna43ce33fa632eee9959
默认-陕西-西北-电信-中国-亚洲:
    vdnd-qnvm-226fac2b168b3ee417dc067efc4eed36
    vdnd-qnvm-6fab46c55166e17dcb93491fa1f870dc
    vdnd-qnvm-e83b6170aa013533d29902c0971d1c30
默认-陕西-西北-移动-中国-亚洲:
    vdnd-qnvm-05b1736061244fe1ac6f04cd806d2a49
    vdnd-qnvm-d1da9a8732194e18a46c91d76355d1f2
默认-陕西-西北-联通-中国-亚洲:
    vdnd-mtn-mtna267fed6f561e829e5a
    vdnd-mtn-mtna45fb45337379a92afb
    vdnd-qnvm-1b46adb65fc5394be3895bf2e96650c6
    vdnd-qnvm-988b7dcd3b339956f1b6bc2f94a38d77
    vdnd-qnvm-edeefad9decb9e4c414b957663a2bc14
默认-青海-西北-电信-中国-亚洲:
    vdnd-qnvm-42aa0510dbed4bdda88a3c0363fb19d3
默认-青海-西北-移动-中国-亚洲:
    vdnd-qnvm-05b1736061244fe1ac6f04cd806d2a49
    vdnd-qnvm-d1da9a8732194e18a46c91d76355d1f2
默认-青海-西北-联通-中国-亚洲:
    vdnd-mtn-mtna267fed6f561e829e5a
    vdnd-mtn-mtna45fb45337379a92afb
    vdnd-qnvm-1b46adb65fc5394be3895bf2e96650c6
    vdnd-qnvm-988b7dcd3b339956f1b6bc2f94a38d77
    vdnd-qnvm-ce42580b402acb37f099a9fd662edd54
默认-黑龙江-东北-电信-中国-亚洲:
    vdnd-qnvm-8ee9bdbcfd9f45d8a1c0c0106dc175e3
默认-黑龙江-东北-移动-中国-亚洲:
    vdnd-qnvm-3848f45d9ecbc74f2a9abfb0968e0577
    vdnd-qnvm-8aa4b00a57820e6ae83124971c4faa55
默认-黑龙江-东北-联通-中国-亚洲:
    vdnd-qnvm-9d7ba4ec8186f06d19fa7db629c2ae32
